   1               		.file	"action_macro.c"
   2               	__SP_H__ = 0x3e
   3               	__SP_L__ = 0x3d
   4               	__SREG__ = 0x3f
   5               	__tmp_reg__ = 0
   6               	__zero_reg__ = 1
   7               		.text
   8               	.Ltext0:
   9               		.cfi_sections	.debug_frame
  10               	.Letext0:
  11               		.file 1 "c:\\msys64\\mingw64\\avr\\include\\stdint.h"
  12               		.file 2 "lib/lufa/LUFA/Drivers/USB/Core/AVR8/../StdRequestType.h"
  13               		.file 3 "tmk_core/common/action.h"
  14               		.file 4 "lib/lufa/LUFA/Drivers/USB/Core/AVR8/../DeviceStandardReq.h"
  15               		.file 5 "lib/lufa/LUFA/Drivers/USB/Core/USBTask.h"
  16               		.file 6 "lib/lufa/LUFA/Drivers/USB/Core/HostStandardReq.h"
  17               		.file 7 "c:\\msys64\\mingw64\\avr\\include\\stdio.h"
  18               		.file 8 "tmk_core/common/report.h"
  19               		.file 9 "tmk_core/common/action_util.h"
  20               		.file 10 "tmk_core/common/debug.h"
DEFINED SYMBOLS
                            *ABS*:0000000000000000 action_macro.c
C:\Users\renep\AppData\Local\Temp\cc7EYb9P.s:2      *ABS*:000000000000003e __SP_H__
C:\Users\renep\AppData\Local\Temp\cc7EYb9P.s:3      *ABS*:000000000000003d __SP_L__
C:\Users\renep\AppData\Local\Temp\cc7EYb9P.s:4      *ABS*:000000000000003f __SREG__
C:\Users\renep\AppData\Local\Temp\cc7EYb9P.s:5      *ABS*:0000000000000000 __tmp_reg__
C:\Users\renep\AppData\Local\Temp\cc7EYb9P.s:6      *ABS*:0000000000000001 __zero_reg__

NO UNDEFINED SYMBOLS
